"Convergence history of Static Temperature on point5 (in SI units)"
"Flow Time" "Vertex Maximum Static Temperature"
1. 308.3294677734375
2. 308.3330688476562
3. 308.3358764648438
4. 308.3384399414062
5. 308.3410034179688
6. 308.343505859375
7. 308.3460083007812
8. 308.3485717773438
9. 308.3511657714844
10. 308.353759765625
11. 308.3564147949219
12. 308.3590698242188
13. 308.3617553710938
14. 308.364501953125
15. 308.3672485351562
16. 308.3700561523438
17. 308.3728637695312
18. 308.375732421875
19. 308.3785705566406
21. 308.3842468261719
23. 308.39013671875
25. 308.3961181640625
27. 308.4021911621094
29. 308.4082946777344
31. 308.4144897460938
33. 308.4207153320312
35. 308.427001953125
37. 308.4333190917969
39. 308.4396667480469
41. 308.446044921875
43. 308.4524230957031
45. 308.4588623046875
47. 308.4652709960938
49. 308.4717407226562
51. 308.4781799316406
53. 308.484619140625
56.5 308.4953918457031
61.5 308.5114440917969
66.5 308.5273742675781
71.5 308.5431518554688
76.5 308.5588073730469
81.5 308.5742492675781
86.5 308.5894775390625
91.5 308.6045532226562
96.5 308.6193237304688
101.5 308.6339111328125
106.5 308.6483154296875
111.5 308.6624145507812
116.5 308.6763305664062
121.5 308.6900329589844
126.5 308.7035522460938
131.5 308.7168884277344
136.5 308.72998046875
141.5 308.7428894042969
146.5 308.755615234375
151.5 308.7681884765625
156.5 308.7805786132812
161.5 308.7927856445312
166.5 308.8048400878906
171.5 308.8167114257812
176.5 308.8284606933594
181.5 308.840087890625
186.5 308.8515625
191.5 308.8629150390625
196.5 308.8742065429688
201.5 308.8853149414062
206.5 308.8963623046875
211.5 308.9072875976562
216.5 308.9181518554688
221.5 308.9288635253906
226.5 308.9395141601562
231.5 308.9500732421875
236.5 308.9605712890625
241.5 308.970947265625
246.5 308.9813232421875
251.5 308.9915771484375
256.5 309.0017700195312
261.5 309.0119018554688
266.5 309.0219421386719
271.5 309.0319519042969
276.5 309.0418701171875
281.5 309.0517578125
286.5 309.0615844726562
291.5 309.0712890625
296.5 309.0809936523438
301.5 309.0906372070312
306.5 309.1001892089844
311.5 309.1096801757812
316.5 309.119140625
321.5 309.1285400390625
326.5 309.1378784179688
331.5 309.1471557617188
336.5 309.1564025878906
341.5 309.1655883789062
346.5 309.1746826171875
351.5 309.1837768554688
356.5 309.1928100585938
361.5 309.2017211914062
366.5 309.2106323242188
371.5 309.219482421875
376.5 309.228271484375
381.5 309.2370300292969
386.5 309.2457275390625
391.5 309.2543334960938
396.5 309.2628784179688
401.5 309.2713623046875
410. 309.2852783203125
420. 309.3018798828125
430. 309.3182373046875
440. 309.3343505859375
450. 309.3502197265625
460. 309.3659057617188
470. 309.3812561035156
480. 309.3964233398438
490. 309.4112854003906
500. 309.4259643554688
510. 309.4403686523438
520. 309.4544677734375
530. 309.4683227539062
540. 309.48193359375
550. 309.4953002929688
560. 309.5083923339844
570. 309.521240234375
580. 309.5338134765625
590. 309.546142578125
600. 309.5581665039062
610. 309.5699768066406
620. 309.5815124511719
630. 309.5927734375
640. 309.603759765625
650. 309.6145324707031
660. 309.6250610351562
670. 309.6353759765625
680. 309.6454467773438
690. 309.6552734375
700. 309.6648559570312
710. 309.6742553710938
720. 309.6834106445312
730. 309.6923217773438
740. 309.7010498046875
750. 309.7095642089844
760. 309.7178344726562
770. 309.7259216308594
780. 309.7337951660156
790. 309.741455078125
800. 309.7489013671875
810. 309.7561340332031
820. 309.76318359375
830. 309.7700500488281
840. 309.7767333984375
850. 309.783203125
860. 309.78955078125
870. 309.7957153320312
880. 309.8016967773438
890. 309.8074951171875
900. 309.8130493164062
910. 309.8185119628906
920. 309.8237915039062
930. 309.8289184570312
940. 309.8338623046875
950. 309.8386535644531
960. 309.8433227539062
970. 309.8478393554688
980. 309.8521728515625
990. 309.8564453125
1000. 309.8605346679688
1010. 309.864501953125
1020. 309.8683471679688
1030. 309.8720703125
1040. 309.8756408691406
1050. 309.8790893554688
