"Convergence history of Static Temperature on point2 (in SI units)"
"Flow Time" "Vertex Maximum Static Temperature"
1. 308.0049438476562
2. 308.0059814453125
3. 308.0068359375
4. 308.007568359375
5. 308.0083312988281
6. 308.0090026855469
7. 308.0097045898438
8. 308.0104370117188
9. 308.0111083984375
10. 308.0118103027344
11. 308.0125122070312
12. 308.0132446289062
13. 308.0139770507812
14. 308.0146789550781
15. 308.0154418945312
16. 308.0162048339844
17. 308.0169372558594
18. 308.0177001953125
19. 308.0185241699219
21. 308.0200805664062
23. 308.021728515625
25. 308.0233764648438
27. 308.0250854492188
29. 308.0267944335938
31. 308.028564453125
33. 308.0303344726562
35. 308.0321350097656
37. 308.033935546875
39. 308.0357971191406
41. 308.0376586914062
43. 308.0395202636719
45. 308.0413818359375
47. 308.0432739257812
49. 308.0452270507812
51. 308.047119140625
53. 308.0490417480469
56.5 308.0522766113281
61.5 308.05712890625
66.5 308.06201171875
71.5 308.0668640136719
76.5 308.07177734375
81.5 308.0766296386719
86.5 308.0814819335938
91.5 308.0863342285156
96.5 308.0911254882812
101.5 308.0959167480469
106.5 308.1007080078125
111.5 308.1054077148438
116.5 308.1101379394531
121.5 308.1148071289062
126.5 308.1195068359375
131.5 308.1241455078125
136.5 308.1287841796875
141.5 308.1334228515625
146.5 308.1380310058594
151.5 308.1426391601562
156.5 308.147216796875
161.5 308.1517944335938
166.5 308.1563720703125
171.5 308.1609497070312
176.5 308.16552734375
181.5 308.1701354980469
186.5 308.1746826171875
191.5 308.1792602539062
196.5 308.1838684082031
201.5 308.1884765625
206.5 308.1930541992188
211.5 308.1976928710938
216.5 308.2023010253906
221.5 308.2069396972656
226.5 308.2115783691406
231.5 308.2161865234375
236.5 308.2208862304688
241.5 308.2255554199219
246.5 308.2302856445312
251.5 308.2349853515625
256.5 308.23974609375
261.5 308.2444458007812
266.5 308.2492065429688
271.5 308.2539672851562
276.5 308.2587890625
281.5 308.2635498046875
286.5 308.2683715820312
291.5 308.2732238769531
296.5 308.278076171875
301.5 308.2829284667969
306.5 308.2878112792969
311.5 308.2926635742188
316.5 308.297607421875
321.5 308.302490234375
326.5 308.3074340820312
331.5 308.3123168945312
336.5 308.3173217773438
341.5 308.322265625
346.5 308.3272094726562
351.5 308.3321838378906
356.5 308.3371887207031
361.5 308.3421630859375
366.5 308.34716796875
371.5 308.3521728515625
376.5 308.357177734375
381.5 308.3621826171875
386.5 308.3671875
391.5 308.3722229003906
396.5 308.3772583007812
401.5 308.3822631835938
410. 308.390625
420. 308.4006958007812
430. 308.4107666015625
440. 308.4208374023438
450. 308.430908203125
460. 308.4409790039062
470. 308.4510192871094
480. 308.4610595703125
490. 308.4710388183594
500. 308.4810180664062
510. 308.490966796875
520. 308.5008544921875
530. 308.5107421875
540. 308.5205688476562
550. 308.5303344726562
560. 308.5401000976562
570. 308.5497436523438
580. 308.5593872070312
590. 308.5689697265625
600. 308.5784912109375
610. 308.5879516601562
620. 308.5973510742188
630. 308.606689453125
640. 308.615966796875
650. 308.6251525878906
660. 308.6343383789062
670. 308.6433715820312
680. 308.6524047851562
690. 308.6613464355469
700. 308.670166015625
710. 308.6789855957031
720. 308.6876831054688
730. 308.6963195800781
740. 308.7048950195312
750. 308.71337890625
760. 308.7218017578125
770. 308.7301635742188
780. 308.7384338378906
790. 308.7466430664062
800. 308.7547607421875
810. 308.7627868652344
820. 308.770751953125
830. 308.7786560058594
840. 308.7864685058594
850. 308.794189453125
860. 308.8018798828125
870. 308.8095092773438
880. 308.8170166015625
890. 308.824462890625
900. 308.831787109375
910. 308.839111328125
920. 308.8463134765625
930. 308.853515625
940. 308.860595703125
950. 308.8676147460938
960. 308.8745422363281
970. 308.8814086914062
980. 308.8882446289062
990. 308.8949584960938
1000. 308.9015808105469
1010. 308.908203125
1020. 308.9147338867188
1030. 308.9212036132812
1040. 308.9276123046875
1050. 308.9338989257812
